ImageProcess.obj : error LNK2001: 无法解析的外部符号 "double __cdecl cv::contourArea(class cv::debug_build_guard::_InputArray const &,bool)" (?contourArea@cv@@YANAEBV_InputArray@debug_build_guard@1@_N@Z)
ImageProcess.obj : error LNK2001: 无法解析的外部符号 "void __cdecl cv::meanStdDev(class cv::debug_build_guard::_InputArray const &,class cv::debug_build_guard::_OutputArray const &,class cv::debug_build_guard::_OutputArray const &,class cv::debug_build_guard::_InputArray const &)" (?meanStdDev@cv@@YAXAEBV_InputArray@debug_build_guard@1@AEBV_OutputArray@31@10@Z)
ImageProcess.obj : error LNK2001: 无法解析的外部符号 "void __cdecl cv::approxPolyDP(class cv::debug_build_guard::_InputArray const &,class cv::debug_build_guard::_OutputArray const &,double,bool)" (?approxPolyDP@cv@@YAXAEBV_InputArray@debug_build_guard@1@AEBV_OutputArray@31@N_N@Z)
ImageProcess.obj : error LNK2001: 无法解析的外部符号 "void __cdecl cv::imshow(class cv::String const &,class cv::debug_build_guard::_InputArray const &)" (?imshow@cv@@YAXAEBVString@1@AEBV_InputArray@debug_build_guard@1@@Z)
ImageProcess.obj : error LNK2001: 无法解析的外部符号 "void __cdecl cv::dilate(class cv::debug_build_guard::_InputArray const &,class cv::debug_build_guard::_OutputArray const &,class cv::debug_build_guard::_InputArray const &,class cv::Point_<int>,int,int,class cv::Scalar_<double> const &)" (?dilate@cv@@YAXAEBV_InputArray@debug_build_guard@1@AEBV_OutputArray@31@0V?$Point_@H@1@HHAEBV?$Scalar_@N@1@@Z)
ImageProcess.obj : error LNK2001: 无法解析的外部符号 "class cv::Mat __cdecl cv::getPerspectiveTransform(class cv::debug_build_guard::_InputArray const &,class cv::debug_build_guard::_InputArray const &)" (?getPerspectiveTransform@cv@@YA?AVMat@1@AEBV_InputArray@debug_build_guard@1@0@Z)
ImageProcess.obj : error LNK2001: 无法解析的外部符号 "bool __cdecl cv::imwrite(class cv::String const &,class cv::debug_build_guard::_InputArray const &,class std::vector<int,class std::allocator<int> > const &)" (?imwrite@cv@@YA_NAEBVString@1@AEBV_InputArray@debug_build_guard@1@AEBV?$vector@HV?$allocator@H@std@@@std@@@Z)
ImageProcess.obj : error LNK2001: 无法解析的外部符号 "double __cdecl cv::threshold(class cv::debug_build_guard::_InputArray const &,class cv::debug_build_guard::_OutputArray const &,double,double,int)" (?threshold@cv@@YANAEBV_InputArray@debug_build_guard@1@AEBV_OutputArray@31@NNH@Z)
ImageProcess.obj : error LNK2001: 无法解析的外部符号 "public: void __cdecl cv::Mat::convertTo(class cv::debug_build_guard::_OutputArray const &,int,double,double)const " (?convertTo@Mat@cv@@QEBAXAEBV_OutputArray@debug_build_guard@2@HNN@Z)
ImageProcess.obj : error LNK2001: 无法解析的外部符号 "public: void __cdecl cv::Mat::copyTo(class cv::debug_build_guard::_OutputArray const &)const " (?copyTo@Mat@cv@@QEBAXAEBV_OutputArray@debug_build_guard@2@@Z)
ImageProcess.obj : error LNK2001: 无法解析的外部符号 "void __cdecl cv::cvtColor(class cv::debug_build_guard::_InputArray const &,class cv::debug_build_guard::_OutputArray const &,int,int)" (?cvtColor@cv@@YAXAEBV_InputArray@debug_build_guard@1@AEBV_OutputArray@31@HH@Z)
ImageProcess.obj : error LNK2001: 无法解析的外部符号 "void __cdecl cv::warpPerspective(class cv::debug_build_guard::_InputArray const &,class cv::debug_build_guard::_OutputArray const &,class cv::debug_build_guard::_InputArray const &,class cv::Size_<int>,int,int,class cv::Scalar_<double> const &)" (?warpPerspective@cv@@YAXAEBV_InputArray@debug_build_guard@1@AEBV_OutputArray@31@0V?$Size_@H@1@HHAEBV?$Scalar_@N@1@@Z)
ImageProcess.obj : error LNK2001: 无法解析的外部符号 "class cv::debug_build_guard::_InputOutputArray const & __cdecl cv::noArray(void)" (?noArray@cv@@YAAEBV_InputOutputArray@debug_build_guard@1@XZ)
ImageProcess.obj : error LNK2001: 无法解析的外部符号 "double __cdecl cv::arcLength(class cv::debug_build_guard::_InputArray const &,bool)" (?arcLength@cv@@YANAEBV_InputArray@debug_build_guard@1@_N@Z)
ImageProcess.obj : error LNK2001: 无法解析的外部符号 "void __cdecl cv::GaussianBlur(class cv::debug_build_guard::_InputArray const &,class cv::debug_build_guard::_OutputArray const &,class cv::Size_<int>,double,double,int)" (?GaussianBlur@cv@@YAXAEBV_InputArray@debug_build_guard@1@AEBV_OutputArray@31@V?$Size_@H@1@NNH@Z)
ImageProcess.obj : error LNK2001: 无法解析的外部符号 "void __cdecl cv::line(class cv::debug_build_guard::_InputOutputArray const &,class cv::Point_<int>,class cv::Point_<int>,class cv::Scalar_<double> const &,int,int,int)" (?line@cv@@YAXAEBV_InputOutputArray@debug_build_guard@1@V?$Point_@H@1@1AEBV?$Scalar_@N@1@HHH@Z)
ImageProcess.obj : error LNK2001: 无法解析的外部符号 "void __cdecl cv::Canny(class cv::debug_build_guard::_InputArray const &,class cv::debug_build_guard::_OutputArray const &,double,double,int,bool)" (?Canny@cv@@YAXAEBV_InputArray@debug_build_guard@1@AEBV_OutputArray@31@NNH_N@Z)
ImageProcess.obj : error LNK2001: 无法解析的外部符号 "void __cdecl cv::HoughLinesP(class cv::debug_build_guard::_InputArray const &,class cv::debug_build_guard::_OutputArray const &,double,double,int,double,double)" (?HoughLinesP@cv@@YAXAEBV_InputArray@debug_build_guard@1@AEBV_OutputArray@31@NNHNN@Z)
ImageProcess.obj : error LNK2001: 无法解析的外部符号 "void __cdecl cv::integral(class cv::debug_build_guard::_InputArray const &,class cv::debug_build_guard::_OutputArray const &,class cv::debug_build_guard::_OutputArray const &,int,int)" (?integral@cv@@YAXAEBV_InputArray@debug_build_guard@1@AEBV_OutputArray@31@1HH@Z)
ImageProcess.obj : error LNK2001: 无法解析的外部符号 "void __cdecl cv::circle(class cv::debug_build_guard::_InputOutputArray const &,class cv::Point_<int>,int,class cv::Scalar_<double> const &,int,int,int)" (?circle@cv@@YAXAEBV_InputOutputArray@debug_build_guard@1@V?$Point_@H@1@HAEBV?$Scalar_@N@1@HHH@Z)
ImageProcess.obj : error LNK2001: 无法解析的外部符号 "void __cdecl cv::findContours(class cv::debug_build_guard::_InputOutputArray const &,class cv::debug_build_guard::_OutputArray const &,class cv::debug_build_guard::_OutputArray const &,int,int,class cv::Point_<int>)" (?findContours@cv@@YAXAEBV_InputOutputArray@debug_build_guard@1@AEBV_OutputArray@31@1HHV?$Point_@H@1@@Z)
ImageProcess.obj : error LNK2001: 无法解析的外部符号 "void __cdecl cv::findContours(class cv::debug_build_guard::_InputOutputArray const &,class cv::debug_build_guard::_OutputArray const &,int,int,class cv::Point_<int>)" (?findContours@cv@@YAXAEBV_InputOutputArray@debug_build_guard@1@AEBV_OutputArray@31@HHV?$Point_@H@1@@Z)
ImageProcess.obj : error LNK2001: 无法解析的外部符号 "void __cdecl cv::medianBlur(class cv::debug_build_guard::_InputArray const &,class cv::debug_build_guard::_OutputArray const &,int)" (?medianBlur@cv@@YAXAEBV_InputArray@debug_build_guard@1@AEBV_OutputArray@31@H@Z)
ImageProcess.obj : error LNK2001: 无法解析的外部符号 "void __cdecl cv::resize(class cv::debug_build_guard::_InputArray const &,class cv::debug_build_guard::_OutputArray const &,class cv::Size_<int>,double,double,int)" (?resize@cv@@YAXAEBV_InputArray@debug_build_guard@1@AEBV_OutputArray@31@V?$Size_@H@1@NNH@Z)
F:\Demo\ImageProcess\x64\Release\ImageProcess.exe : fatal error LNK1120: 24 个无法解析的外部命令
