  ImageProcess.cpp
f:\demo\imageprocess\imageprocess\imageprocess.cpp(287): warning C4244: “初始化”: 从“double”转换到“int”，可能丢失数据
f:\demo\imageprocess\imageprocess\imageprocess.cpp(288): warning C4244: “初始化”: 从“double”转换到“int”，可能丢失数据
f:\demo\imageprocess\imageprocess\imageprocess.cpp(290): warning C4244: “=”: 从“double”转换到“float”，可能丢失数据
f:\demo\imageprocess\imageprocess\imageprocess.cpp(291): warning C4244: “=”: 从“double”转换到“float”，可能丢失数据
f:\demo\imageprocess\imageprocess\imageprocess.cpp(352): warning C4244: “参数”: 从“int”转换到“float”，可能丢失数据
f:\demo\imageprocess\imageprocess\imageprocess.cpp(379): warning C4244: “参数”: 从“int”转换到“float”，可能丢失数据
f:\demo\imageprocess\imageprocess\imageprocess.cpp(468): warning C4244: “参数”: 从“int”转换到“float”，可能丢失数据
f:\demo\imageprocess\imageprocess\imageprocess.cpp(523): warning C4244: “参数”: 从“int”转换到“float”，可能丢失数据
f:\demo\imageprocess\imageprocess\imageprocess.cpp(560): warning C4244: “=”: 从“double”转换到“float”，可能丢失数据
f:\demo\imageprocess\imageprocess\imageprocess.cpp(561): warning C4244: “=”: 从“double”转换到“float”，可能丢失数据
f:\demo\imageprocess\imageprocess\imageprocess.cpp(562): warning C4244: “=”: 从“double”转换到“float”，可能丢失数据
f:\demo\imageprocess\imageprocess\imageprocess.cpp(638): warning C4244: “=”: 从“double”转换到“float”，可能丢失数据
f:\demo\imageprocess\imageprocess\imageprocess.cpp(639): warning C4244: “=”: 从“double”转换到“float”，可能丢失数据
f:\demo\imageprocess\imageprocess\imageprocess.cpp(640): warning C4244: “=”: 从“double”转换到“float”，可能丢失数据
f:\demo\imageprocess\imageprocess\imageprocess.cpp(671): warning C4244: “=”: 从“double”转换到“float”，可能丢失数据
f:\demo\imageprocess\imageprocess\imageprocess.cpp(728): warning C4244: “参数”: 从“int”转换到“float”，可能丢失数据
f:\demo\imageprocess\imageprocess\imageprocess.cpp(772): warning C4244: “初始化”: 从“double”转换到“float”，可能丢失数据
f:\demo\imageprocess\imageprocess\imageprocess.cpp(773): warning C4244: “初始化”: 从“double”转换到“float”，可能丢失数据
f:\demo\imageprocess\imageprocess\imageprocess.cpp(774): warning C4244: “初始化”: 从“double”转换到“float”，可能丢失数据
f:\demo\imageprocess\imageprocess\imageprocess.cpp(775): warning C4244: “初始化”: 从“double”转换到“float”，可能丢失数据
f:\demo\imageprocess\imageprocess\imageprocess.cpp(798): warning C4244: “初始化”: 从“double”转换到“float”，可能丢失数据
f:\demo\imageprocess\imageprocess\imageprocess.cpp(799): warning C4244: “初始化”: 从“double”转换到“float”，可能丢失数据
f:\demo\imageprocess\imageprocess\imageprocess.cpp(800): warning C4244: “初始化”: 从“double”转换到“float”，可能丢失数据
f:\demo\imageprocess\imageprocess\imageprocess.cpp(801): warning C4244: “初始化”: 从“double”转换到“float”，可能丢失数据
f:\demo\imageprocess\imageprocess\imageprocess.cpp(850): warning C4267: “初始化”: 从“size_t”转换到“int”，可能丢失数据
f:\demo\imageprocess\imageprocess\imageprocess.cpp(903): warning C4244: “初始化”: 从“int”转换到“float”，可能丢失数据
f:\demo\imageprocess\imageprocess\imageprocess.cpp(904): warning C4244: “初始化”: 从“int”转换到“float”，可能丢失数据
f:\demo\imageprocess\imageprocess\imageprocess.cpp(906): warning C4244: “=”: 从“int”转换到“float”，可能丢失数据
f:\demo\imageprocess\imageprocess\imageprocess.cpp(908): warning C4244: “=”: 从“int”转换到“float”，可能丢失数据
f:\demo\imageprocess\imageprocess\imageprocess.cpp(925): warning C4267: “=”: 从“size_t”转换到“int”，可能丢失数据
f:\demo\imageprocess\imageprocess\imageprocess.cpp(999): warning C4244: “参数”: 从“float”转换到“int”，可能丢失数据
f:\demo\imageprocess\imageprocess\imageprocess.cpp(1000): warning C4244: “参数”: 从“float”转换到“int”，可能丢失数据
f:\demo\imageprocess\imageprocess\imageprocess.cpp(1001): warning C4244: “参数”: 从“float”转换到“int”，可能丢失数据
f:\demo\imageprocess\imageprocess\imageprocess.cpp(1003): warning C4244: “参数”: 从“float”转换到“int”，可能丢失数据
f:\demo\imageprocess\imageprocess\imageprocess.cpp(1005): warning C4244: “参数”: 从“float”转换到“int”，可能丢失数据
f:\demo\imageprocess\imageprocess\imageprocess.cpp(1059): warning C4244: “参数”: 从“float”转换到“int”，可能丢失数据
f:\demo\imageprocess\imageprocess\imageprocess.cpp(1060): warning C4244: “参数”: 从“float”转换到“int”，可能丢失数据
f:\demo\imageprocess\imageprocess\imageprocess.cpp(1061): warning C4244: “参数”: 从“float”转换到“int”，可能丢失数据
f:\demo\imageprocess\imageprocess\imageprocess.cpp(1063): warning C4244: “参数”: 从“float”转换到“int”，可能丢失数据
f:\demo\imageprocess\imageprocess\imageprocess.cpp(1065): warning C4244: “参数”: 从“float”转换到“int”，可能丢失数据
f:\demo\imageprocess\imageprocess\imageprocess.cpp(1107): warning C4244: “参数”: 从“float”转换到“int”，可能丢失数据
f:\demo\imageprocess\imageprocess\imageprocess.cpp(1108): warning C4244: “参数”: 从“float”转换到“int”，可能丢失数据
f:\demo\imageprocess\imageprocess\imageprocess.cpp(1109): warning C4244: “参数”: 从“float”转换到“int”，可能丢失数据
f:\demo\imageprocess\imageprocess\imageprocess.cpp(1111): warning C4244: “参数”: 从“float”转换到“int”，可能丢失数据
f:\demo\imageprocess\imageprocess\imageprocess.cpp(1113): warning C4244: “参数”: 从“float”转换到“int”，可能丢失数据
f:\demo\imageprocess\imageprocess\imageprocess.cpp(1132): warning C4267: “=”: 从“size_t”转换到“int”，可能丢失数据
f:\demo\imageprocess\imageprocess\imageprocess.cpp(1216): warning C4244: “参数”: 从“float”转换到“int”，可能丢失数据
f:\demo\imageprocess\imageprocess\imageprocess.cpp(1217): warning C4244: “参数”: 从“float”转换到“int”，可能丢失数据
f:\demo\imageprocess\imageprocess\imageprocess.cpp(1218): warning C4244: “参数”: 从“float”转换到“int”，可能丢失数据
f:\demo\imageprocess\imageprocess\imageprocess.cpp(1220): warning C4244: “参数”: 从“float”转换到“int”，可能丢失数据
f:\demo\imageprocess\imageprocess\imageprocess.cpp(1222): warning C4244: “参数”: 从“float”转换到“int”，可能丢失数据
f:\demo\imageprocess\imageprocess\imageprocess.cpp(1263): warning C4244: “参数”: 从“float”转换到“int”，可能丢失数据
f:\demo\imageprocess\imageprocess\imageprocess.cpp(1264): warning C4244: “参数”: 从“float”转换到“int”，可能丢失数据
f:\demo\imageprocess\imageprocess\imageprocess.cpp(1265): warning C4244: “参数”: 从“float”转换到“int”，可能丢失数据
f:\demo\imageprocess\imageprocess\imageprocess.cpp(1267): warning C4244: “参数”: 从“float”转换到“int”，可能丢失数据
f:\demo\imageprocess\imageprocess\imageprocess.cpp(1269): warning C4244: “参数”: 从“float”转换到“int”，可能丢失数据
f:\demo\imageprocess\imageprocess\imageprocess.cpp(1357): warning C4267: “初始化”: 从“size_t”转换到“int”，可能丢失数据
f:\demo\imageprocess\imageprocess\imageprocess.cpp(1371): warning C4244: “参数”: 从“double”转换到“int”，可能丢失数据
  ImageProcess.vcxproj -> F:\Demo\ImageProcess\x64\Debug\ImageProcess.exe
  ImageProcess.vcxproj -> F:\Demo\ImageProcess\x64\Debug\ImageProcess.pdb (Partial PDB)
